2025-04-28 10:19:48,587 INFO: Successfully analyzed: ./processed_images\Test_Image_01.png
2025-04-28 10:19:48,599 INFO: Saved result: ./results/json\Test_Image_01.json
2025-04-28 10:19:51,910 INFO: Successfully analyzed: ./processed_images\Test_Image_02.png
2025-04-28 10:19:51,932 INFO: Saved result: ./results/json\Test_Image_02.json
2025-04-28 10:19:55,270 INFO: Successfully analyzed: ./processed_images\Test_Image_03.png
2025-04-28 10:19:55,309 INFO: Saved result: ./results/json\Test_Image_03.json
2025-04-28 10:19:58,707 INFO: Successfully analyzed: ./processed_images\Test_image_04.png
2025-04-28 10:19:58,715 INFO: Saved result: ./results/json\Test_image_04.json
2025-04-28 10:20:02,110 INFO: Successfully analyzed: ./processed_images\Test_image_05.png
2025-04-28 10:20:02,124 INFO: Saved result: ./results/json\Test_image_05.json
2025-04-28 10:20:05,453 INFO: Successfully analyzed: ./processed_images\Train_image_01.png
2025-04-28 10:20:05,466 INFO: Saved result: ./results/json\Train_image_01.json
2025-04-28 10:20:45,892 INFO: Successfully analyzed: ./processed_images\Train_image_02.png
2025-04-28 10:20:45,968 INFO: Saved result: ./results/json\Train_image_02.json
2025-04-28 10:20:49,217 INFO: Successfully analyzed: ./processed_images\Train_image_03.png
2025-04-28 10:20:49,227 INFO: Saved result: ./results/json\Train_image_03.json
2025-04-28 10:20:52,468 INFO: Successfully analyzed: ./processed_images\Train_image_04.png
2025-04-28 10:20:52,477 INFO: Saved result: ./results/json\Train_image_04.json
2025-04-28 10:20:55,756 INFO: Successfully analyzed: ./processed_images\Train_image_05.png
2025-04-28 10:20:55,770 INFO: Saved result: ./results/json\Train_image_05.json
2025-04-28 10:20:59,042 INFO: Successfully analyzed: ./processed_images\Train_image_06.png
2025-04-28 10:20:59,056 INFO: Saved result: ./results/json\Train_image_06.json
2025-04-28 10:21:02,356 INFO: Successfully analyzed: ./processed_images\Train_image_07.png
2025-04-28 10:21:02,364 INFO: Saved result: ./results/json\Train_image_07.json
2025-04-28 10:21:05,782 INFO: Successfully analyzed: ./processed_images\Train_image_08.png
2025-04-28 10:21:05,798 INFO: Saved result: ./results/json\Train_image_08.json
2025-04-28 10:21:46,031 INFO: Successfully analyzed: ./processed_images\Train_image_09.png
2025-04-28 10:21:46,048 INFO: Saved result: ./results/json\Train_image_09.json
2025-04-28 10:21:49,401 INFO: Successfully analyzed: ./processed_images\Train_image_10.png
2025-04-28 10:21:49,430 INFO: Saved result: ./results/json\Train_image_10.json
